[2020-03-28T15:59:18+0000] [PACMAN] Running 'pacman -r /home/vagrant/junest-builder/tmp/junest.89pm2MEDvr/root -Sy --cachedir=/home/vagrant/junest-builder/tmp/junest.89pm2MEDvr/root/var/cache/pacman/pkg --noconfirm pacman coreutils bubblewrap'
[2020-03-28T15:59:18+0000] [PACMAN] synchronizing package lists
[2020-03-28T16:06:01+0000] [ALPM] transaction started
[2020-03-28T16:06:01+0000] [ALPM] installed linux-api-headers (5.4.17-1)
[2020-03-28T16:06:02+0000] [ALPM] installed tzdata (2019c-3)
[2020-03-28T16:06:02+0000] [ALPM] installed iana-etc (20200311-1)
[2020-03-28T16:06:02+0000] [ALPM] installed filesystem (2019.10-2)
[2020-03-28T16:06:02+0000] [ALPM] installed glibc (2.31-2)
[2020-03-28T16:06:04+0000] [ALPM] installed gcc-libs (9.3.0-1)
[2020-03-28T16:06:04+0000] [ALPM] installed ncurses (6.2-1)
[2020-03-28T16:06:04+0000] [ALPM] installed readline (8.0.004-1)
[2020-03-28T16:06:04+0000] [ALPM] installed bash (5.0.016-1)
[2020-03-28T16:06:04+0000] [ALPM] installed attr (2.4.48-2)
[2020-03-28T16:06:04+0000] [ALPM] installed acl (2.2.53-2)
[2020-03-28T16:06:04+0000] [ALPM] installed bzip2 (1.0.8-3)
[2020-03-28T16:06:04+0000] [ALPM] installed expat (2.2.9-3)
[2020-03-28T16:06:04+0000] [ALPM] installed lz4 (1:1.9.2-2)
[2020-03-28T16:06:04+0000] [ALPM] installed gdbm (1.18.1-3)
[2020-03-28T16:06:04+0000] [ALPM] installed db (5.3.28-5)
[2020-03-28T16:06:07+0000] [ALPM] installed perl (5.30.1-1)
[2020-03-28T16:06:07+0000] [ALPM] installed openssl (1.1.1.e-1)
[2020-03-28T16:06:07+0000] [ALPM] installed xz (5.2.5-1)
[2020-03-28T16:06:07+0000] [ALPM] installed zlib (1:1.2.11-4)
[2020-03-28T16:06:07+0000] [ALPM] installed zstd (1.4.4-1)
[2020-03-28T16:06:07+0000] [ALPM] installed libarchive (3.4.2-1)
[2020-03-28T16:06:07+0000] [ALPM] installed gmp (6.2.0-1)
[2020-03-28T16:06:08+0000] [ALPM] installed libcap (2.33-1)
[2020-03-28T16:06:08+0000] [ALPM] installed coreutils (8.31-3)
[2020-03-28T16:06:08+0000] [ALPM] installed findutils (4.7.0-2)
[2020-03-28T16:06:08+0000] [ALPM] installed libtasn1 (4.16.0-1)
[2020-03-28T16:06:08+0000] [ALPM] installed libffi (3.2.1-4)
[2020-03-28T16:06:08+0000] [ALPM] installed libp11-kit (0.23.20-3)
[2020-03-28T16:06:08+0000] [ALPM] installed libgpg-error (1.37-1)
[2020-03-28T16:06:08+0000] [ALPM] installed libgcrypt (1.8.5-2)
[2020-03-28T16:06:08+0000] [ALPM] installed systemd-libs (245.3-1)
[2020-03-28T16:06:08+0000] [ALPM] installed device-mapper (2.02.187-1)
[2020-03-28T16:06:08+0000] [ALPM] installed popt (1.16-12)
[2020-03-28T16:06:08+0000] [ALPM] installed libutil-linux (2.35.1-1)
[2020-03-28T16:06:08+0000] [ALPM] installed json-c (0.13.1-3)
[2020-03-28T16:06:08+0000] [ALPM] installed argon2 (20190702-2)
[2020-03-28T16:06:08+0000] [ALPM] installed cryptsetup (2.3.1-1)
[2020-03-28T16:06:08+0000] [ALPM] installed e2fsprogs (1.45.6-1)
[2020-03-28T16:06:08+0000] [ALPM] installed libsasl (2.1.27-2)
[2020-03-28T16:06:09+0000] [ALPM] installed libldap (2.4.49-1)
[2020-03-28T16:06:09+0000] [ALPM] installed keyutils (1.6.1-3)
[2020-03-28T16:06:09+0000] [ALPM] installed krb5 (1.17.1-1)
[2020-03-28T16:06:09+0000] [ALPM] installed libcap-ng (0.7.10-1)
[2020-03-28T16:06:09+0000] [ALPM] installed audit (2.8.5-6)
[2020-03-28T16:06:09+0000] [ALPM] installed dbus (1.12.16-5)
[2020-03-28T16:06:09+0000] [ALPM] installed libmnl (1.0.4-3)
[2020-03-28T16:06:09+0000] [ALPM] installed libnftnl (1.1.5-1)
[2020-03-28T16:06:09+0000] [ALPM] installed libnl (3.5.0-2)
[2020-03-28T16:06:09+0000] [ALPM] installed libusb (1.0.23-2)
[2020-03-28T16:06:09+0000] [ALPM] installed libpcap (1.9.1-2)
[2020-03-28T16:06:09+0000] [ALPM] installed libnfnetlink (1.0.1-3)
[2020-03-28T16:06:09+0000] [ALPM] installed libnetfilter_conntrack (1.0.7-1)
[2020-03-28T16:06:09+0000] [ALPM] installed iptables (1:1.8.4-1)
[2020-03-28T16:06:09+0000] [ALPM] installed cracklib (2.9.7-2)
[2020-03-28T16:06:09+0000] [ALPM] installed libtirpc (1.2.5-1)
[2020-03-28T16:06:09+0000] [ALPM] installed pambase (20190105.1-2)
[2020-03-28T16:06:09+0000] [ALPM] installed pam (1.3.1-2)
[2020-03-28T16:06:10+0000] [ALPM] installed kbd (2.2.0-5)
[2020-03-28T16:06:10+0000] [ALPM] installed kmod (27-1)
[2020-03-28T16:06:10+0000] [ALPM] installed hwids (20200306-1)
[2020-03-28T16:06:10+0000] [ALPM] installed libunistring (0.9.10-2)
[2020-03-28T16:06:10+0000] [ALPM] installed libidn2 (2.3.0-1)
[2020-03-28T16:06:10+0000] [ALPM] installed libelf (0.178-2)
[2020-03-28T16:06:10+0000] [ALPM] installed libseccomp (2.4.2-1)
[2020-03-28T16:06:10+0000] [ALPM] installed shadow (4.8.1-1)
[2020-03-28T16:06:10+0000] [ALPM] installed util-linux (2.35.1-1)
[2020-03-28T16:06:10+0000] [ALPM] installed pcre2 (10.34-3)
[2020-03-28T16:06:11+0000] [ALPM] installed systemd (245.3-1)
[2020-03-28T16:06:11+0000] [ALPM-SCRIPTLET] Initializing machine ID from random generator.
[2020-03-28T16:06:11+0000] [ALPM-SCRIPTLET] Created symlink /etc/systemd/system/getty.target.wants/getty@tty1.service → /usr/lib/systemd/system/getty@.service.
[2020-03-28T16:06:11+0000] [ALPM-SCRIPTLET] Created symlink /etc/systemd/system/multi-user.target.wants/remote-fs.target → /usr/lib/systemd/system/remote-fs.target.
[2020-03-28T16:06:11+0000] [ALPM-SCRIPTLET] :: Append 'init=/usr/lib/systemd/systemd' to your kernel command line in your
[2020-03-28T16:06:11+0000] [ALPM-SCRIPTLET]    bootloader to replace sysvinit with systemd, or install systemd-sysvcompat
[2020-03-28T16:06:11+0000] [ALPM] installed p11-kit (0.23.20-3)
[2020-03-28T16:06:11+0000] [ALPM-SCRIPTLET] Created symlink /etc/systemd/user/sockets.target.wants/p11-kit-server.socket → /usr/lib/systemd/user/p11-kit-server.socket.
[2020-03-28T16:06:11+0000] [ALPM] installed ca-certificates-utils (20181109-3)
[2020-03-28T16:06:11+0000] [ALPM] installed ca-certificates-mozilla (3.51-1)
[2020-03-28T16:06:11+0000] [ALPM] installed ca-certificates (20181109-3)
[2020-03-28T16:06:11+0000] [ALPM] installed libssh2 (1.9.0-2)
[2020-03-28T16:06:11+0000] [ALPM] installed libpsl (0.21.0-2)
[2020-03-28T16:06:11+0000] [ALPM] installed libnghttp2 (1.39.2-2)
[2020-03-28T16:06:11+0000] [ALPM] installed curl (7.69.1-1)
[2020-03-28T16:06:11+0000] [ALPM] installed npth (1.6-2)
[2020-03-28T16:06:11+0000] [ALPM] installed libksba (1.3.5-2)
[2020-03-28T16:06:11+0000] [ALPM] installed libassuan (2.5.3-2)
[2020-03-28T16:06:11+0000] [ALPM] installed pcre (8.44-1)
[2020-03-28T16:06:11+0000] [ALPM] installed glib2 (2.64.1-1)
[2020-03-28T16:06:11+0000] [ALPM] installed libsecret (0.20.2-1)
[2020-03-28T16:06:11+0000] [ALPM] installed pinentry (1.1.0-5)
[2020-03-28T16:06:11+0000] [ALPM] installed nettle (3.5.1-2)
[2020-03-28T16:06:12+0000] [ALPM] installed gnutls (3.6.12-1)
[2020-03-28T16:06:12+0000] [ALPM] installed sqlite (3.31.1-1)
[2020-03-28T16:06:12+0000] [ALPM] installed gnupg (2.2.20-1)
[2020-03-28T16:06:12+0000] [ALPM] installed gpgme (1.13.1-3)
[2020-03-28T16:06:12+0000] [ALPM] installed pacman-mirrorlist (20200207-1)
[2020-03-28T16:06:12+0000] [ALPM] installed archlinux-keyring (20200108-1)
[2020-03-28T16:06:12+0000] [ALPM] installed pacman (5.2.1-4)
[2020-03-28T16:06:12+0000] [ALPM] installed bubblewrap (0.4.0-1)
[2020-03-28T16:06:12+0000] [ALPM] transaction completed
[2020-03-28T16:06:12+0000] [ALPM] running '20-systemd-sysusers.hook'...
[2020-03-28T16:06:12+0000] [ALPM] running '30-systemd-catalog.hook'...
[2020-03-28T16:06:12+0000] [ALPM] running '30-systemd-daemon-reload.hook'...
[2020-03-28T16:06:12+0000] [ALPM-SCRIPTLET] Running in chroot, ignoring request: daemon-reload
[2020-03-28T16:06:12+0000] [ALPM] running '30-systemd-hwdb.hook'...
[2020-03-28T16:06:13+0000] [ALPM] running '30-systemd-sysctl.hook'...
[2020-03-28T16:06:13+0000] [ALPM] running '30-systemd-tmpfiles.hook'...
[2020-03-28T16:06:14+0000] [ALPM] running '30-systemd-udev-reload.hook'...
[2020-03-28T16:06:14+0000] [ALPM-SCRIPTLET] Running in chroot, ignoring request.
[2020-03-28T16:06:14+0000] [ALPM] running '30-systemd-update.hook'...
[2020-03-28T16:06:14+0000] [ALPM] running 'dbus-reload.hook'...
[2020-03-28T16:06:14+0000] [ALPM-SCRIPTLET] Running in chroot, ignoring request: try-reload-or-restart
[2020-03-28T16:06:14+0000] [ALPM] running 'detect-old-perl-modules.hook'...
[2020-03-28T16:06:14+0000] [ALPM-SCRIPTLET] perl: warning: Setting locale failed.
[2020-03-28T16:06:14+0000] [ALPM-SCRIPTLET] perl: warning: Please check that your locale settings:
[2020-03-28T16:06:14+0000] [ALPM-SCRIPTLET] 	LANGUAGE = (unset),
[2020-03-28T16:06:14+0000] [ALPM-SCRIPTLET] 	LC_ALL = (unset),
[2020-03-28T16:06:14+0000] [ALPM-SCRIPTLET] 	LANG = "en_US.UTF-8"
[2020-03-28T16:06:14+0000] [ALPM-SCRIPTLET]     are supported and installed on your system.
[2020-03-28T16:06:14+0000] [ALPM-SCRIPTLET] perl: warning: Falling back to the standard locale ("C").
[2020-03-28T16:06:14+0000] [ALPM] running 'update-ca-trust.hook'...
[2020-03-28T16:06:20+0000] [PACMAN] Running 'pacman --noconfirm --root /home/vagrant/junest-builder/tmp/junest.89pm2MEDvr/root -U sudo-fake-0.1.0-1-any.pkg.tar.xz'
[2020-03-28T16:06:20+0000] [ALPM] transaction started
[2020-03-28T16:06:20+0000] [ALPM] installed sed (4.8-1)
[2020-03-28T16:06:20+0000] [ALPM] installed fakeroot (1.24-2)
[2020-03-28T16:06:20+0000] [ALPM] installed fakechroot (2.20.1-2)
[2020-03-28T16:06:20+0000] [ALPM] installed sudo-fake (0.1.0-1)
[2020-03-28T16:06:20+0000] [ALPM] transaction completed
[2020-03-28T16:06:20+0000] [ALPM] running '30-systemd-update.hook'...
[2020-03-28T16:06:37+0000] [PACMAN] Running 'pacman --noconfirm --root /home/vagrant/junest-builder/tmp/junest.89pm2MEDvr/root -U proot-static-5.1.0-1-any.pkg.tar.xz'
[2020-03-28T16:06:37+0000] [ALPM] transaction started
[2020-03-28T16:06:37+0000] [ALPM] installed proot-static (5.1.0-1)
[2020-03-28T16:06:37+0000] [ALPM] transaction completed
[2020-03-28T16:06:37+0000] [ALPM] running '30-systemd-update.hook'...
[2020-03-28T16:06:48+0000] [PACMAN] Running 'pacman --noconfirm --root /home/vagrant/junest-builder/tmp/junest.89pm2MEDvr/root -U qemu-static-2.3.0-1-any.pkg.tar.xz'
[2020-03-28T16:06:48+0000] [ALPM] transaction started
[2020-03-28T16:06:48+0000] [ALPM] installed qemu-static (2.3.0-1)
[2020-03-28T16:06:48+0000] [ALPM] transaction completed
[2020-03-28T16:06:48+0000] [ALPM] running '30-systemd-update.hook'...
[2020-03-28T16:06:56+0000] [PACMAN] Running 'pacman --noconfirm --root /home/vagrant/junest-builder/tmp/junest.89pm2MEDvr/root -U groot-git-1.0.1-1-any.pkg.tar.xz'
[2020-03-28T16:06:56+0000] [ALPM] transaction started
[2020-03-28T16:06:56+0000] [ALPM] installed groot-git (1.0.1-1)
[2020-03-28T16:06:56+0000] [ALPM] transaction completed
[2020-03-28T16:06:56+0000] [ALPM] running '30-systemd-update.hook'...
[2020-03-28T16:08:00+0000] [PACMAN] Running 'pacman --noconfirm --root /home/vagrant/junest-builder/tmp/junest.89pm2MEDvr/root -U yay-9.4.6-2-x86_64.pkg.tar.xz'
[2020-03-28T16:08:00+0000] [ALPM] transaction started
[2020-03-28T16:08:00+0000] [ALPM] installed perl-error (0.17029-1)
[2020-03-28T16:08:00+0000] [ALPM] installed perl-timedate (2.32-1)
[2020-03-28T16:08:00+0000] [ALPM] installed perl-mailtools (2.21-2)
[2020-03-28T16:08:00+0000] [ALPM] installed grep (3.4-1)
[2020-03-28T16:08:00+0000] [ALPM] installed git (2.26.0-1)
[2020-03-28T16:08:01+0000] [ALPM] installed yay (9.4.6-2)
[2020-03-28T16:08:01+0000] [ALPM] transaction completed
[2020-03-28T16:08:01+0000] [ALPM] running '20-systemd-sysusers.hook'...
[2020-03-28T16:08:01+0000] [ALPM-SCRIPTLET] Creating group git with gid 977.
[2020-03-28T16:08:01+0000] [ALPM-SCRIPTLET] Creating user git (git daemon user) with uid 977 and gid 977.
[2020-03-28T16:08:01+0000] [ALPM] running '30-systemd-daemon-reload.hook'...
[2020-03-28T16:08:01+0000] [ALPM-SCRIPTLET]   Skipped: Current root is not booted.
[2020-03-28T16:08:01+0000] [ALPM] running '30-systemd-update.hook'...
[2020-03-28T16:08:01+0000] [ALPM] running 'detect-old-perl-modules.hook'...
[2020-03-28T16:08:01+0000] [ALPM-SCRIPTLET] perl: warning: Setting locale failed.
[2020-03-28T16:08:01+0000] [ALPM-SCRIPTLET] perl: warning: Please check that your locale settings:
[2020-03-28T16:08:01+0000] [ALPM-SCRIPTLET] 	LANGUAGE = (unset),
[2020-03-28T16:08:01+0000] [ALPM-SCRIPTLET] 	LC_ALL = (unset),
[2020-03-28T16:08:01+0000] [ALPM-SCRIPTLET] 	LANG = "en_US.UTF-8"
[2020-03-28T16:08:01+0000] [ALPM-SCRIPTLET]     are supported and installed on your system.
[2020-03-28T16:08:01+0000] [ALPM-SCRIPTLET] perl: warning: Falling back to the standard locale ("C").
[2020-03-28T16:08:01+0000] [ALPM-SCRIPTLET] Can't open /dev/null: No such file or directory
[2020-03-28T16:08:01+0000] [ALPM-SCRIPTLET] WARNING: '/usr/lib/perl5/5.30' contains data from at least 4 packages which will NOT be used by the installed perl interpreter.
[2020-03-28T16:08:01+0000] [ALPM-SCRIPTLET]  -> Run the following command to get a list of affected packages: pacman -Qqo '/usr/lib/perl5/5.30'
[2020-03-28T16:08:01+0000] [PACMAN] Running 'pacman --noconfirm --root /home/vagrant/junest-builder/tmp/junest.89pm2MEDvr/root -S sed gzip'
[2020-03-28T16:08:01+0000] [ALPM] transaction started
[2020-03-28T16:08:01+0000] [ALPM] reinstalled sed (4.8-1)
[2020-03-28T16:08:01+0000] [ALPM] installed less (551-3)
[2020-03-28T16:08:01+0000] [ALPM] installed gzip (1.10-3)
[2020-03-28T16:08:01+0000] [ALPM] transaction completed
[2020-03-28T16:08:01+0000] [ALPM] running '30-systemd-update.hook'...
[2020-03-28T16:08:04+0000] [PACMAN] Running 'pacman --noconfirm --root /home/vagrant/junest-builder/tmp/junest.89pm2MEDvr/root -Rsn gzip'
[2020-03-28T16:08:04+0000] [ALPM] transaction started
[2020-03-28T16:08:04+0000] [ALPM] removed gzip (1.10-3)
[2020-03-28T16:08:04+0000] [ALPM] removed less (551-3)
[2020-03-28T16:08:04+0000] [ALPM] transaction completed
[2020-03-28T16:08:04+0000] [ALPM] running '30-systemd-update.hook'...
[2020-03-28T16:08:04+0000] [PACMAN] Running 'pacman --noconfirm --root /home/vagrant/junest-builder/tmp/junest.89pm2MEDvr/root -S gawk'
[2020-03-28T16:08:04+0000] [ALPM] transaction started
[2020-03-28T16:08:04+0000] [ALPM] installed mpfr (4.0.2-2)
[2020-03-28T16:08:04+0000] [ALPM] installed gawk (5.0.1-2)
[2020-03-28T16:08:04+0000] [ALPM] transaction completed
[2020-03-28T16:08:04+0000] [ALPM] running '30-systemd-update.hook'...
[2020-03-28T16:08:18+0000] [PACMAN] Running 'pacman --noconfirm --root /home/vagrant/junest-builder/tmp/junest.89pm2MEDvr/root -Rsn gawk'
[2020-03-28T16:08:18+0000] [ALPM] transaction started
[2020-03-28T16:08:18+0000] [ALPM] removed gawk (5.0.1-2)
[2020-03-28T16:08:18+0000] [ALPM] removed mpfr (4.0.2-2)
[2020-03-28T16:08:18+0000] [ALPM] transaction completed
[2020-03-28T16:08:18+0000] [ALPM] running '30-systemd-update.hook'...
